This file contains any messages produced by compilers while
running configure, to aid debugging if configure makes a mistake.

It was created by idevicerestore configure 1.0, which was
generated by GNU Autoconf 2.61.  Invocation command line was

  $ ./configure 

## --------- ##
## Platform. ##
## --------- ##

hostname = Josh-Wisenbakers-MacBook-Air.local
uname -m = i386
uname -r = 10.7.0
uname -s = Darwin
uname -v = Darwin Kernel Version 10.7.0: Sat Jan 29 15:17:16 PST 2011; root:xnu-1504.9.37~1/RELEASE_I386

/usr/bin/uname -p = i386
/bin/uname -X     = unknown

/bin/arch              = unknown
/usr/bin/arch -k       = unknown
/usr/convex/getsysinfo = unknown
/usr/bin/hostinfo      = Mach kernel version:
	 Darwin Kernel Version 10.7.0: Sat Jan 29 15:17:16 PST 2011; root:xnu-1504.9.37~1/RELEASE_I386
Kernel configured for up to 2 processors.
2 processors are physically available.
2 processors are logically available.
Processor type: i486 (Intel 80486)
Processors active: 0 1
Primary memory available: 4.00 gigabytes
Default processor set: 88 tasks, 386 threads, 2 processors
Load average: 2.12, Mach factor: 0.62
/bin/machine           = unknown
/usr/bin/oslevel       = unknown
/bin/universe          = unknown

PATH: /usr/bin
PATH: /bin
PATH: /usr/sbin
PATH: /sbin
PATH: /usr/local/bin
PATH: /usr/X11/bin


## ----------- ##
## Core tests. ##
## ----------- ##

configure:1780: checking build system type
configure:1798: result: i386-apple-darwin10.7.0
configure:1820: checking host system type
configure:1835: result: i386-apple-darwin10.7.0
configure:1857: checking target system type
configure:1872: result: i386-apple-darwin10.7.0
configure:1915: checking for a BSD-compatible install
configure:1971: result: /usr/bin/install -c
configure:1982: checking whether build environment is sane
configure:2025: result: yes
configure:2053: checking for a thread-safe mkdir -p
configure:2092: result: ./install-sh -c -d
configure:2105: checking for gawk
configure:2135: result: no
configure:2105: checking for mawk
configure:2135: result: no
configure:2105: checking for nawk
configure:2135: result: no
configure:2105: checking for awk
configure:2121: found /usr/bin/awk
configure:2132: result: awk
configure:2143: checking whether make sets $(MAKE)
configure:2164: result: yes
configure:2364: checking for style of include used by make
configure:2392: result: GNU
configure:2462: checking for gcc
configure:2478: found /usr/bin/gcc
configure:2489: result: gcc
configure:2727: checking for C compiler version
configure:2734: gcc --version >&5
i686-apple-darwin10-gcc-4.2.1 (GCC) 4.2.1 (Apple Inc. build 5666) (dot 3)
Copyright (C) 2007 Free Software Foundation, Inc.
This is free software; see the source for copying conditions.  There is NO
warranty; not even for MERCHANTABILITY or FITNESS FOR A PARTICULAR PURPOSE.

configure:2737: $? = 0
configure:2744: gcc -v >&5
Using built-in specs.
Target: i686-apple-darwin10
Configured with: /var/tmp/gcc/gcc-5666.3~123/src/configure --disable-checking --enable-werror --prefix=/usr --mandir=/share/man --enable-languages=c,objc,c++,obj-c++ --program-transform-name=/^[cg][^.-]*$/s/$/-4.2/ --with-slibdir=/usr/lib --build=i686-apple-darwin10 --program-prefix=i686-apple-darwin10- --host=x86_64-apple-darwin10 --target=i686-apple-darwin10 --with-gxx-include-dir=/include/c++/4.2.1
Thread model: posix
gcc version 4.2.1 (Apple Inc. build 5666) (dot 3)
configure:2747: $? = 0
configure:2754: gcc -V >&5
gcc-4.2: argument to `-V' is missing
configure:2757: $? = 1
configure:2780: checking for C compiler default output file name
configure:2807: gcc    conftest.c  >&5
configure:2810: $? = 0
configure:2848: result: a.out
configure:2865: checking whether the C compiler works
configure:2875: ./a.out
configure:2878: $? = 0
configure:2895: result: yes
configure:2902: checking whether we are cross compiling
configure:2904: result: no
configure:2907: checking for suffix of executables
configure:2914: gcc -o conftest    conftest.c  >&5
configure:2917: $? = 0
configure:2941: result: 
configure:2947: checking for suffix of object files
configure:2973: gcc -c   conftest.c >&5
configure:2976: $? = 0
configure:2999: result: o
configure:3003: checking whether we are using the GNU C compiler
configure:3032: gcc -c   conftest.c >&5
configure:3038: $? = 0
configure:3055: result: yes
configure:3060: checking whether gcc accepts -g
configure:3090: gcc -c -g  conftest.c >&5
configure:3096: $? = 0
configure:3195: result: yes
configure:3212: checking for gcc option to accept ISO C89
configure:3286: gcc  -c -g -O2  conftest.c >&5
configure:3292: $? = 0
configure:3315: result: none needed
configure:3335: checking dependency style of gcc
configure:3426: result: gcc3
configure:3442: checking whether gcc and cc understand -c and -o together
configure:3477: gcc -c conftest.c -o conftest2.o >&5
configure:3480: $? = 0
configure:3486: gcc -c conftest.c -o conftest2.o >&5
configure:3489: $? = 0
configure:3500: cc -c conftest.c >&5
configure:3503: $? = 0
configure:3511: cc -c conftest.c -o conftest2.o >&5
configure:3514: $? = 0
configure:3520: cc -c conftest.c -o conftest2.o >&5
configure:3523: $? = 0
configure:3541: result: yes
configure:3621: checking for pkg-config
configure:3639: found /usr/local/bin/pkg-config
configure:3651: result: /usr/local/bin/pkg-config
configure:3680: checking pkg-config is at least version 0.9.0
configure:3683: result: yes
configure:3693: checking for libimobiledevice
configure:3700: $PKG_CONFIG --exists --print-errors "libimobiledevice-1.0 >= 1.1.0"
configure:3703: $? = 0
configure:3716: $PKG_CONFIG --exists --print-errors "libimobiledevice-1.0 >= 1.1.0"
configure:3719: $? = 0
configure:3796: result: yes
configure:3802: checking for libplist
configure:3809: $PKG_CONFIG --exists --print-errors "libplist >= 0.15"
configure:3812: $? = 0
configure:3825: $PKG_CONFIG --exists --print-errors "libplist >= 0.15"
configure:3828: $? = 0
configure:3905: result: yes
configure:3911: checking for libzip
configure:3918: $PKG_CONFIG --exists --print-errors "libzip >= 0.8"
configure:3921: $? = 0
configure:3934: $PKG_CONFIG --exists --print-errors "libzip >= 0.8"
configure:3937: $? = 0
configure:4014: result: yes
configure:4020: checking for libcurl
configure:4027: $PKG_CONFIG --exists --print-errors "libcurl >= 7.0"
configure:4030: $? = 0
configure:4043: $PKG_CONFIG --exists --print-errors "libcurl >= 7.0"
configure:4046: $? = 0
configure:4123: result: yes
configure:4274: creating ./config.status

## ---------------------- ##
## Running config.status. ##
## ---------------------- ##

This file was extended by idevicerestore config.status 1.0, which was
generated by GNU Autoconf 2.61.  Invocation command line was

  CONFIG_FILES    = 
  CONFIG_HEADERS  = 
  CONFIG_LINKS    = 
  CONFIG_COMMANDS = 
  $ ./config.status 

on Josh-Wisenbakers-MacBook-Air.local

config.status:642: creating Makefile
config.status:642: creating src/Makefile
config.status:833: executing depfiles commands

## ---------------- ##
## Cache variables. ##
## ---------------- ##

ac_cv_build=i386-apple-darwin10.7.0
ac_cv_c_compiler_gnu=yes
ac_cv_env_CC_set=
ac_cv_env_CC_value=
ac_cv_env_CFLAGS_set=
ac_cv_env_CFLAGS_value=
ac_cv_env_CPPFLAGS_set=
ac_cv_env_CPPFLAGS_value=
ac_cv_env_LDFLAGS_set=
ac_cv_env_LDFLAGS_value=
ac_cv_env_LIBS_set=
ac_cv_env_LIBS_value=
ac_cv_env_PKG_CONFIG_LIBDIR_set=
ac_cv_env_PKG_CONFIG_LIBDIR_value=
ac_cv_env_PKG_CONFIG_PATH_set=
ac_cv_env_PKG_CONFIG_PATH_value=
ac_cv_env_PKG_CONFIG_set=
ac_cv_env_PKG_CONFIG_value=
ac_cv_env_build_alias_set=
ac_cv_env_build_alias_value=
ac_cv_env_host_alias_set=
ac_cv_env_host_alias_value=
ac_cv_env_libcurl_CFLAGS_set=
ac_cv_env_libcurl_CFLAGS_value=
ac_cv_env_libcurl_LIBS_set=
ac_cv_env_libcurl_LIBS_value=
ac_cv_env_libimobiledevice_CFLAGS_set=
ac_cv_env_libimobiledevice_CFLAGS_value=
ac_cv_env_libimobiledevice_LIBS_set=
ac_cv_env_libimobiledevice_LIBS_value=
ac_cv_env_libplist_CFLAGS_set=
ac_cv_env_libplist_CFLAGS_value=
ac_cv_env_libplist_LIBS_set=
ac_cv_env_libplist_LIBS_value=
ac_cv_env_libzip_CFLAGS_set=
ac_cv_env_libzip_CFLAGS_value=
ac_cv_env_libzip_LIBS_set=
ac_cv_env_libzip_LIBS_value=
ac_cv_env_target_alias_set=
ac_cv_env_target_alias_value=
ac_cv_host=i386-apple-darwin10.7.0
ac_cv_objext=o
ac_cv_path_ac_pt_PKG_CONFIG=/usr/local/bin/pkg-config
ac_cv_path_install='/usr/bin/install -c'
ac_cv_prog_AWK=awk
ac_cv_prog_ac_ct_CC=gcc
ac_cv_prog_cc_c89=
ac_cv_prog_cc_g=yes
ac_cv_prog_cc_gcc_c_o=yes
ac_cv_prog_make_make_set=yes
ac_cv_target=i386-apple-darwin10.7.0
am_cv_CC_dependencies_compiler_type=gcc3
pkg_cv_libcurl_CFLAGS=' '
pkg_cv_libcurl_LIBS='-lcurl  '
pkg_cv_libimobiledevice_CFLAGS=
pkg_cv_libimobiledevice_LIBS='-L/usr/local/Cellar/libimobiledevice/1.1.1/lib -L/usr/local/Cellar/libplist/1.4/lib -L/usr/local/Cellar/usbmuxd/1.0.7/lib -L/usr/local/Cellar/glib/2.28.6/lib -L/usr/local/Cellar/gettext/0.18.1.1/lib -L/usr/local/Cellar/gnutls/2.12.3/lib -L/usr/local/Cellar/libtasn1/2.9/lib -limobiledevice -lplist -lusbmuxd -lgthread-2.0 -lgnutls -ltasn1 -lglib-2.0 -lintl  '
pkg_cv_libplist_CFLAGS='-I/usr/local/Cellar/libplist/1.4/include -I/usr/local/Cellar/glib/2.28.6/include/glib-2.0 -I/usr/local/Cellar/glib/2.28.6/lib/glib-2.0/include -I/usr/local/Cellar/gettext/0.18.1.1/include -I/usr/local/Cellar/glib/2.28.6/include -I/usr/include/libxml2  '
pkg_cv_libplist_LIBS='-L/usr/local/Cellar/libplist/1.4/lib -lplist  '
pkg_cv_libzip_CFLAGS='-I/usr/local/Cellar/libzip/0.9.3/include  '
pkg_cv_libzip_LIBS='-L/usr/local/Cellar/libzip/0.9.3/lib -lzip -lz  '

## ----------------- ##
## Output variables. ##
## ----------------- ##

ACLOCAL='${SHELL} /Users/macshome/Documents/github/idevicerestore/missing --run aclocal-1.10'
AMDEPBACKSLASH='\'
AMDEP_FALSE='#'
AMDEP_TRUE=''
AMTAR='${SHELL} /Users/macshome/Documents/github/idevicerestore/missing --run tar'
AUTOCONF='${SHELL} /Users/macshome/Documents/github/idevicerestore/missing --run autoconf'
AUTOHEADER='${SHELL} /Users/macshome/Documents/github/idevicerestore/missing --run autoheader'
AUTOMAKE='${SHELL} /Users/macshome/Documents/github/idevicerestore/missing --run automake-1.10'
AWK='awk'
CC='gcc'
CCDEPMODE='depmode=gcc3'
CFLAGS='-g -O2'
CPPFLAGS=''
CYGPATH_W='echo'
DEFS='-DPACKAGE_NAME=\"idevicerestore\" -DPACKAGE_TARNAME=\"idevicerestore\" -DPACKAGE_VERSION=\"1.0\" -DPACKAGE_STRING=\"idevicerestore\ 1.0\" -DPACKAGE_BUGREPORT=\"\" -DPACKAGE=\"idevicerestore\" -DVERSION=\"1.0\"'
DEPDIR='.deps'
ECHO_C='ECHO_N=''
ECHO_T=''
EXEEXT=''
INSTALL_DATA='${INSTALL} -m 644'
INSTALL_PROGRAM='${INSTALL}'
INSTALL_SCRIPT='${INSTALL}'
INSTALL_STRIP_PROGRAM='$(install_sh) -c -s'
LDFLAGS=''
LIBOBJS=''
LIBS=''
LTLIBOBJS=''
MAKEINFO='${SHELL} /Users/macshome/Documents/github/idevicerestore/missing --run makeinfo'
OBJEXT='o'
PACKAGE='idevicerestore'
PACKAGE_BUGREPORT=''
PACKAGE_NAME='idevicerestore'
PACKAGE_STRING='idevicerestore 1.0'
PACKAGE_TARNAME='idevicerestore'
PACKAGE_VERSION='1.0'
PATH_SEPARATOR=':'
PKG_CONFIG='/usr/local/bin/pkg-config'
PKG_CONFIG_LIBDIR=''
PKG_CONFIG_PATH=''
SET_MAKE=''
SHELL='/bin/sh'
STRIP=''
VERSION='1.0'
ac_ct_CC='gcc'
am__fastdepCC_FALSE='#'
am__fastdepCC_TRUE=''
am__include='include'
am__isrc=''
am__leading_dot='.'
am__quote=''
am__tar='${AMTAR} chof - "$$tardir"'
am__untar='${AMTAR} xf -'
bindir='${exec_prefix}/bin'
build='i386-apple-darwin10.7.0'
build_alias=''
build_cpu='i386'
build_os='darwin10.7.0'
build_vendor='apple'
datadir='${datarootdir}'
datarootdir='${prefix}/share'
docdir='${datarootdir}/doc/${PACKAGE_TARNAME}'
dvidir='${docdir}'
exec_prefix='${prefix}'
host='i386-apple-darwin10.7.0'
host_alias=''
host_cpu='i386'
host_os='darwin10.7.0'
host_vendor='apple'
htmldir='${docdir}'
includedir='${prefix}/include'
infodir='${datarootdir}/info'
install_sh='$(SHELL) /Users/macshome/Documents/github/idevicerestore/install-sh'
libcurl_CFLAGS=' '
libcurl_LIBS='-lcurl  '
libdir='${exec_prefix}/lib'
libexecdir='${exec_prefix}/libexec'
libimobiledevice_CFLAGS=''
libimobiledevice_LIBS='-L/usr/local/Cellar/libimobiledevice/1.1.1/lib -L/usr/local/Cellar/libplist/1.4/lib -L/usr/local/Cellar/usbmuxd/1.0.7/lib -L/usr/local/Cellar/glib/2.28.6/lib -L/usr/local/Cellar/gettext/0.18.1.1/lib -L/usr/local/Cellar/gnutls/2.12.3/lib -L/usr/local/Cellar/libtasn1/2.9/lib -limobiledevice -lplist -lusbmuxd -lgthread-2.0 -lgnutls -ltasn1 -lglib-2.0 -lintl  '
libplist_CFLAGS='-I/usr/local/Cellar/libplist/1.4/include -I/usr/local/Cellar/glib/2.28.6/include/glib-2.0 -I/usr/local/Cellar/glib/2.28.6/lib/glib-2.0/include -I/usr/local/Cellar/gettext/0.18.1.1/include -I/usr/local/Cellar/glib/2.28.6/include -I/usr/include/libxml2  '
libplist_LIBS='-L/usr/local/Cellar/libplist/1.4/lib -lplist  '
libzip_CFLAGS='-I/usr/local/Cellar/libzip/0.9.3/include  '
libzip_LIBS='-L/usr/local/Cellar/libzip/0.9.3/lib -lzip -lz  '
localedir='${datarootdir}/locale'
localstatedir='${prefix}/var'
mandir='${datarootdir}/man'
mkdir_p='$(top_builddir)/./install-sh -c -d'
oldincludedir='/usr/include'
pdfdir='${docdir}'
prefix='/usr/local'
program_transform_name='s,x,x,'
psdir='${docdir}'
sbindir='${exec_prefix}/sbin'
sharedstatedir='${prefix}/com'
sysconfdir='${prefix}/etc'
target='i386-apple-darwin10.7.0'
target_alias=''
target_cpu='i386'
target_os='darwin10.7.0'
target_vendor='apple'

## ----------- ##
## confdefs.h. ##
## ----------- ##

#define PACKAGE_NAME "idevicerestore"
#define PACKAGE_TARNAME "idevicerestore"
#define PACKAGE_VERSION "1.0"
#define PACKAGE_STRING "idevicerestore 1.0"
#define PACKAGE_BUGREPORT ""
#define PACKAGE "idevicerestore"
#define VERSION "1.0"

configure: exit 0
